2022-11-25 20:37:21,772 C:\ProgramData\Anaconda3\envs\pu3.8\lib\site-packages\jionlp\util\logger.py(93): INFO -------------------- logging start --------------------
2022-11-25 20:37:21,774 C:\ProgramData\Anaconda3\envs\pu3.8\lib\site-packages\jionlp\util\logger.py(94): INFO LEVEL: INFO
2022-11-25 20:37:21,774 C:\ProgramData\Anaconda3\envs\pu3.8\lib\site-packages\jionlp\util\logger.py(96): INFO PATH:  C:\Users\Administrator\.jionlp_logs
2022-11-25 20:37:21,775 C:\ProgramData\Anaconda3\envs\pu3.8\lib\site-packages\jionlp\util\logger.py(97): INFO -------------------------------------------------------
2022-11-25 20:39:32,252 C:\Users\Administrator\PycharmProjects\pythonProject\MyWindow.py(144): INFO gold_fact_profit:data is inserted in clickextractProfitButton.
2022-11-25 20:45:42,026 C:\ProgramData\Anaconda3\envs\pu3.8\lib\site-packages\jionlp\util\logger.py(93): INFO -------------------- logging start --------------------
2022-11-25 20:45:42,027 C:\ProgramData\Anaconda3\envs\pu3.8\lib\site-packages\jionlp\util\logger.py(94): INFO LEVEL: INFO
2022-11-25 20:45:42,027 C:\ProgramData\Anaconda3\envs\pu3.8\lib\site-packages\jionlp\util\logger.py(96): INFO PATH:  C:\Users\Administrator\.jionlp_logs
2022-11-25 20:45:42,027 C:\ProgramData\Anaconda3\envs\pu3.8\lib\site-packages\jionlp\util\logger.py(97): INFO -------------------------------------------------------
2022-11-25 20:48:22,030 C:\Users\Administrator\PycharmProjects\pythonProject\MyWindow.py(144): INFO gold_fact_profit:data is inserted in clickextractProfitButton.
2022-11-25 20:53:14,354 C:\ProgramData\Anaconda3\envs\pu3.8\lib\site-packages\jionlp\util\logger.py(93): INFO -------------------- logging start --------------------
2022-11-25 20:53:14,354 C:\ProgramData\Anaconda3\envs\pu3.8\lib\site-packages\jionlp\util\logger.py(94): INFO LEVEL: INFO
2022-11-25 20:53:14,355 C:\ProgramData\Anaconda3\envs\pu3.8\lib\site-packages\jionlp\util\logger.py(96): INFO PATH:  C:\Users\Administrator\.jionlp_logs
2022-11-25 20:53:14,355 C:\ProgramData\Anaconda3\envs\pu3.8\lib\site-packages\jionlp\util\logger.py(97): INFO -------------------------------------------------------
2022-11-25 20:53:19,749 C:\Users\Administrator\PycharmProjects\pythonProject\MyWindow.py(177): INFO silver_AJ_crime: data is inserted in clickextractCrimeDimensionButton.
2022-11-25 20:53:44,585 C:\ProgramData\Anaconda3\envs\pu3.8\lib\site-packages\jionlp\util\logger.py(93): INFO -------------------- logging start --------------------
2022-11-25 20:53:44,586 C:\ProgramData\Anaconda3\envs\pu3.8\lib\site-packages\jionlp\util\logger.py(94): INFO LEVEL: INFO
2022-11-25 20:53:44,586 C:\ProgramData\Anaconda3\envs\pu3.8\lib\site-packages\jionlp\util\logger.py(96): INFO PATH:  C:\Users\Administrator\.jionlp_logs
2022-11-25 20:53:44,586 C:\ProgramData\Anaconda3\envs\pu3.8\lib\site-packages\jionlp\util\logger.py(97): INFO -------------------------------------------------------
2022-11-25 20:55:53,555 C:\Users\Administrator\PycharmProjects\pythonProject\MyWindow.py(144): INFO gold_fact_profit:data is inserted in clickextractProfitButton.
